# JRE version: OpenJDK Runtime Environment Temurin-21.0.7+6 (21.0.7+6) (build 21.0.7+6-LTS)
# Java VM: OpenJDK 64-Bit Server VM Temurin-21.0.7+6 (21.0.7+6-LTS, mixed mode, sharing, tiered, compressed oops, compressed class ptrs, parallel gc, windows-amd64)
GC Precious Log:
 CardTable entry size: 512
 CPUs: 8 total, 8 available
 Memory: 32632M
 Large Page Support: Disabled
 NUMA Support: Disabled
 Compressed Oops: Enabled (32-bit)
 Alignments: Space 512K, Generation 512K, Heap 2M
 Heap Min Capacity: 100M
 Heap Initial Capacity: 100M
 Heap Max Capacity: 1G
 Pre-touch: Disabled
 Parallel Workers: 8
Heap:
 PSYoungGen      total 21504K, used 3163K [0x00000000eab00000, 0x00000000ec880000, 0x0000000100000000)
  eden space 18944K, 3% used [0x00000000eab00000,0x00000000eab974d8,0x00000000ebd80000)
  from space 2560K, 99% used [0x00000000ebd80000,0x00000000ebfffa00,0x00000000ec000000)
  to   space 5632K, 0% used [0x00000000ec300000,0x00000000ec300000,0x00000000ec880000)
 ParOldGen       total 68608K, used 31925K [0x00000000c0000000, 0x00000000c4300000, 0x00000000eab00000)
  object space 68608K, 46% used [0x00000000c0000000,0x00000000c1f2d6f0,0x00000000c4300000)
 Metaspace       used 42256K, committed 43264K, reserved 1114112K
  class space    used 4164K, committed 4544K, reserved 1048576K
GC Heap History (20 events):
Event: 55.813 GC heap before
{Heap before GC invocations=15 (full 1):
 PSYoungGen      total 24576K, used 24128K [0x00000000eab00000, 0x00000000ec580000, 0x0000000100000000)
  eden space 22016K, 100% used [0x00000000eab00000,0x00000000ec080000,0x00000000ec080000)
  from space 2560K, 82% used [0x00000000ec100000,0x00000000ec310000,0x00000000ec380000)
  to   space 2048K, 0% used [0x00000000ec380000,0x00000000ec380000,0x00000000ec580000)
 ParOldGen       total 68608K, used 20618K [0x00000000c0000000, 0x00000000c4300000, 0x00000000eab00000)
  object space 68608K, 30% used [0x00000000c0000000,0x00000000c1422b70,0x00000000c4300000)
 Metaspace       used 32793K, committed 33664K, reserved 1114112K
  class space    used 3220K, committed 3584K, reserved 1048576K
}
Event: 55.817 GC heap after
{Heap after GC invocations=15 (full 1):
 PSYoungGen      total 22528K, used 2020K [0x00000000eab00000, 0x00000000ec980000, 0x0000000100000000)
  eden space 20480K, 0% used [0x00000000eab00000,0x00000000eab00000,0x00000000ebf00000)
  from space 2048K, 98% used [0x00000000ec380000,0x00000000ec579000,0x00000000ec580000)
  to   space 4608K, 0% used [0x00000000ebf00000,0x00000000ebf00000,0x00000000ec380000)
 ParOldGen       total 68608K, used 22594K [0x00000000c0000000, 0x00000000c4300000, 0x00000000eab00000)
  object space 68608K, 32% used [0x00000000c0000000,0x00000000c1610b70,0x00000000c4300000)
 Metaspace       used 32793K, committed 33664K, reserved 1114112K
  class space    used 3220K, committed 3584K, reserved 1048576K
}
Event: 55.989 GC heap before
{Heap before GC invocations=16 (full 1):
 PSYoungGen      total 22528K, used 22500K [0x00000000eab00000, 0x00000000ec980000, 0x0000000100000000)
  eden space 20480K, 100% used [0x00000000eab00000,0x00000000ebf00000,0x00000000ebf00000)
  from space 2048K, 98% used [0x00000000ec380000,0x00000000ec579000,0x00000000ec580000)
  to   space 4608K, 0% used [0x00000000ebf00000,0x00000000ebf00000,0x00000000ec380000)
 ParOldGen       total 68608K, used 22594K [0x00000000c0000000, 0x00000000c4300000, 0x00000000eab00000)
  object space 68608K, 32% used [0x00000000c0000000,0x00000000c1610b70,0x00000000c4300000)
 Metaspace       used 32840K, committed 33792K, reserved 1114112K
  class space    used 3223K, committed 3648K, reserved 1048576K
}
Event: 55.998 GC heap after
{Heap after GC invocations=16 (full 1):
 PSYoungGen      total 23040K, used 2080K [0x00000000eab00000, 0x00000000ec500000, 0x0000000100000000)
  eden space 20480K, 0% used [0x00000000eab00000,0x00000000eab00000,0x00000000ebf00000)
  from space 2560K, 81% used [0x00000000ebf00000,0x00000000ec108010,0x00000000ec180000)
  to   space 3072K, 0% used [0x00000000ec200000,0x00000000ec200000,0x00000000ec500000)
 ParOldGen       total 68608K, used 24592K [0x00000000c0000000, 0x00000000c4300000, 0x00000000eab00000)
  object space 68608K, 35% used [0x00000000c0000000,0x00000000c1804388,0x00000000c4300000)
 Metaspace       used 32840K, committed 33792K, reserved 1114112K
  class space    used 3223K, committed 3648K, reserved 1048576K
}
Event: 56.430 GC heap before
{Heap before GC invocations=17 (full 1):
 PSYoungGen      total 23040K, used 22560K [0x00000000eab00000, 0x00000000ec500000, 0x0000000100000000)
  eden space 20480K, 100% used [0x00000000eab00000,0x00000000ebf00000,0x00000000ebf00000)
  from space 2560K, 81% used [0x00000000ebf00000,0x00000000ec108010,0x00000000ec180000)
  to   space 3072K, 0% used [0x00000000ec200000,0x00000000ec200000,0x00000000ec500000)
 ParOldGen       total 68608K, used 24592K [0x00000000c0000000, 0x00000000c4300000, 0x00000000eab00000)
  object space 68608K, 35% used [0x00000000c0000000,0x00000000c1804388,0x00000000c4300000)
 Metaspace       used 33147K, committed 34048K, reserved 1114112K
  class space    used 3249K, committed 3648K, reserved 1048576K
}
Event: 56.435 GC heap after
{Heap after GC invocations=17 (full 1):
 PSYoungGen      total 23040K, used 2389K [0x00000000eab00000, 0x00000000ec480000, 0x0000000100000000)
  eden space 20480K, 0% used [0x00000000eab00000,0x00000000eab00000,0x00000000ebf00000)
  from space 2560K, 93% used [0x00000000ec200000,0x00000000ec455720,0x00000000ec480000)
  to   space 2560K, 0% used [0x00000000ebf00000,0x00000000ebf00000,0x00000000ec180000)
 ParOldGen       total 68608K, used 26568K [0x00000000c0000000, 0x00000000c4300000, 0x00000000eab00000)
  object space 68608K, 38% used [0x00000000c0000000,0x00000000c19f2398,0x00000000c4300000)
 Metaspace       used 33147K, committed 34048K, reserved 1114112K
  class space    used 3249K, committed 3648K, reserved 1048576K
}
Event: 57.249 GC heap before
{Heap before GC invocations=18 (full 1):
 PSYoungGen      total 23040K, used 21603K [0x00000000eab00000, 0x00000000ec480000, 0x0000000100000000)
  eden space 20480K, 93% used [0x00000000eab00000,0x00000000ebdc3878,0x00000000ebf00000)
  from space 2560K, 93% used [0x00000000ec200000,0x00000000ec455720,0x00000000ec480000)
  to   space 2560K, 0% used [0x00000000ebf00000,0x00000000ebf00000,0x00000000ec180000)
 ParOldGen       total 68608K, used 26568K [0x00000000c0000000, 0x00000000c4300000, 0x00000000eab00000)
  object space 68608K, 38% used [0x00000000c0000000,0x00000000c19f2398,0x00000000c4300000)
 Metaspace       used 34955K, committed 35840K, reserved 1114112K
  class space    used 3489K, committed 3904K, reserved 1048576K
}
Event: 57.253 GC heap after
{Heap after GC invocations=18 (full 1):
 PSYoungGen      total 22016K, used 1204K [0x00000000eab00000, 0x00000000ec300000, 0x0000000100000000)
  eden space 20480K, 0% used [0x00000000eab00000,0x00000000eab00000,0x00000000ebf00000)
  from space 1536K, 78% used [0x00000000ebf00000,0x00000000ec02d3c8,0x00000000ec080000)
  to   space 2048K, 0% used [0x00000000ec100000,0x00000000ec100000,0x00000000ec300000)
 ParOldGen       total 68608K, used 28854K [0x00000000c0000000, 0x00000000c4300000, 0x00000000eab00000)
  object space 68608K, 42% used [0x00000000c0000000,0x00000000c1c2dab8,0x00000000c4300000)
 Metaspace       used 34955K, committed 35840K, reserved 1114112K
  class space    used 3489K, committed 3904K, reserved 1048576K
}
Event: 57.254 GC heap before
{Heap before GC invocations=19 (full 2):
 PSYoungGen      total 22016K, used 1204K [0x00000000eab00000, 0x00000000ec300000, 0x0000000100000000)
  eden space 20480K, 0% used [0x00000000eab00000,0x00000000eab00000,0x00000000ebf00000)
  from space 1536K, 78% used [0x00000000ebf00000,0x00000000ec02d3c8,0x00000000ec080000)
  to   space 2048K, 0% used [0x00000000ec100000,0x00000000ec100000,0x00000000ec300000)
 ParOldGen       total 68608K, used 28854K [0x00000000c0000000, 0x00000000c4300000, 0x00000000eab00000)
  object space 68608K, 42% used [0x00000000c0000000,0x00000000c1c2dab8,0x00000000c4300000)
 Metaspace       used 34955K, committed 35840K, reserved 1114112K
  class space    used 3489K, committed 3904K, reserved 1048576K
}
Event: 57.339 GC heap after
{Heap after GC invocations=19 (full 2):
 PSYoungGen      total 22016K, used 0K [0x00000000eab00000, 0x00000000ec300000, 0x0000000100000000)
  eden space 20480K, 0% used [0x00000000eab00000,0x00000000eab00000,0x00000000ebf00000)
  from space 1536K, 0% used [0x00000000ebf00000,0x00000000ebf00000,0x00000000ec080000)
  to   space 2048K, 0% used [0x00000000ec100000,0x00000000ec100000,0x00000000ec300000)
 ParOldGen       total 68608K, used 28136K [0x00000000c0000000, 0x00000000c4300000, 0x00000000eab00000)
  object space 68608K, 41% used [0x00000000c0000000,0x00000000c1b7a3c8,0x00000000c4300000)
 Metaspace       used 34955K, committed 35840K, reserved 1114112K
  class space    used 3489K, committed 3904K, reserved 1048576K
}
Event: 57.579 GC heap before
{Heap before GC invocations=20 (full 2):
 PSYoungGen      total 22016K, used 20480K [0x00000000eab00000, 0x00000000ec300000, 0x0000000100000000)
  eden space 20480K, 100% used [0x00000000eab00000,0x00000000ebf00000,0x00000000ebf00000)
  from space 1536K, 0% used [0x00000000ebf00000,0x00000000ebf00000,0x00000000ec080000)
  to   space 2048K, 0% used [0x00000000ec100000,0x00000000ec100000,0x00000000ec300000)
 ParOldGen       total 68608K, used 28136K [0x00000000c0000000, 0x00000000c4300000, 0x00000000eab00000)
  object space 68608K, 41% used [0x00000000c0000000,0x00000000c1b7a3c8,0x00000000c4300000)
 Metaspace       used 35362K, committed 36288K, reserved 1114112K
  class space    used 3516K, committed 3904K, reserved 1048576K
}
Event: 57.582 GC heap after
{Heap after GC invocations=20 (full 2):
 PSYoungGen      total 22528K, used 1546K [0x00000000eab00000, 0x00000000ec300000, 0x0000000100000000)
  eden space 20480K, 0% used [0x00000000eab00000,0x00000000eab00000,0x00000000ebf00000)
  from space 2048K, 75% used [0x00000000ec100000,0x00000000ec282ad8,0x00000000ec300000)
  to   space 2048K, 0% used [0x00000000ebf00000,0x00000000ebf00000,0x00000000ec100000)
 ParOldGen       total 68608K, used 28144K [0x00000000c0000000, 0x00000000c4300000, 0x00000000eab00000)
  object space 68608K, 41% used [0x00000000c0000000,0x00000000c1b7c3c8,0x00000000c4300000)
 Metaspace       used 35362K, committed 36288K, reserved 1114112K
  class space    used 3516K, committed 3904K, reserved 1048576K
}
Event: 57.764 GC heap before
{Heap before GC invocations=21 (full 2):
 PSYoungGen      total 22528K, used 22026K [0x00000000eab00000, 0x00000000ec300000, 0x0000000100000000)
  eden space 20480K, 100% used [0x00000000eab00000,0x00000000ebf00000,0x00000000ebf00000)
  from space 2048K, 75% used [0x00000000ec100000,0x00000000ec282ad8,0x00000000ec300000)
  to   space 2048K, 0% used [0x00000000ebf00000,0x00000000ebf00000,0x00000000ec100000)
 ParOldGen       total 68608K, used 28144K [0x00000000c0000000, 0x00000000c4300000, 0x00000000eab00000)
  object space 68608K, 41% used [0x00000000c0000000,0x00000000c1b7c3c8,0x00000000c4300000)
 Metaspace       used 36197K, committed 37120K, reserved 1114112K
  class space    used 3590K, committed 3968K, reserved 1048576K
}
Event: 57.765 GC heap after
{Heap after GC invocations=21 (full 2):
 PSYoungGen      total 20992K, used 255K [0x00000000eab00000, 0x00000000ec180000, 0x0000000100000000)
  eden space 20480K, 0% used [0x00000000eab00000,0x00000000eab00000,0x00000000ebf00000)
  from space 512K, 49% used [0x00000000ebf00000,0x00000000ebf3fec0,0x00000000ebf80000)
  to   space 1024K, 0% used [0x00000000ec080000,0x00000000ec080000,0x00000000ec180000)
 ParOldGen       total 68608K, used 28224K [0x00000000c0000000, 0x00000000c4300000, 0x00000000eab00000)
  object space 68608K, 41% used [0x00000000c0000000,0x00000000c1b903c8,0x00000000c4300000)
 Metaspace       used 36197K, committed 37120K, reserved 1114112K
  class space    used 3590K, committed 3968K, reserved 1048576K
}
Event: 58.554 GC heap before
{Heap before GC invocations=22 (full 2):
 PSYoungGen      total 20992K, used 20735K [0x00000000eab00000, 0x00000000ec180000, 0x0000000100000000)
  eden space 20480K, 100% used [0x00000000eab00000,0x00000000ebf00000,0x00000000ebf00000)
  from space 512K, 49% used [0x00000000ebf00000,0x00000000ebf3fec0,0x00000000ebf80000)
  to   space 1024K, 0% used [0x00000000ec080000,0x00000000ec080000,0x00000000ec180000)
 ParOldGen       total 68608K, used 28224K [0x00000000c0000000, 0x00000000c4300000, 0x00000000eab00000)
  object space 68608K, 41% used [0x00000000c0000000,0x00000000c1b903c8,0x00000000c4300000)
 Metaspace       used 37520K, committed 38528K, reserved 1114112K
  class space    used 3724K, committed 4160K, reserved 1048576K
}
Event: 58.555 GC heap after
{Heap after GC invocations=22 (full 2):
 PSYoungGen      total 20992K, used 448K [0x00000000eab00000, 0x00000000ec100000, 0x0000000100000000)
  eden space 20480K, 0% used [0x00000000eab00000,0x00000000eab00000,0x00000000ebf00000)
  from space 512K, 87% used [0x00000000ec080000,0x00000000ec0f0000,0x00000000ec100000)
  to   space 512K, 0% used [0x00000000ebf00000,0x00000000ebf00000,0x00000000ebf80000)
 ParOldGen       total 68608K, used 28264K [0x00000000c0000000, 0x00000000c4300000, 0x00000000eab00000)
  object space 68608K, 41% used [0x00000000c0000000,0x00000000c1b9a3c8,0x00000000c4300000)
 Metaspace       used 37520K, committed 38528K, reserved 1114112K
  class space    used 3724K, committed 4160K, reserved 1048576K
}
Event: 59.503 GC heap before
{Heap before GC invocations=23 (full 2):
 PSYoungGen      total 20992K, used 20928K [0x00000000eab00000, 0x00000000ec100000, 0x0000000100000000)
  eden space 20480K, 100% used [0x00000000eab00000,0x00000000ebf00000,0x00000000ebf00000)
  from space 512K, 87% used [0x00000000ec080000,0x00000000ec0f0000,0x00000000ec100000)
  to   space 512K, 0% used [0x00000000ebf00000,0x00000000ebf00000,0x00000000ebf80000)
 ParOldGen       total 68608K, used 28264K [0x00000000c0000000, 0x00000000c4300000, 0x00000000eab00000)
  object space 68608K, 41% used [0x00000000c0000000,0x00000000c1b9a3c8,0x00000000c4300000)
 Metaspace       used 39294K, committed 40192K, reserved 1114112K
  class space    used 3883K, committed 4288K, reserved 1048576K
}
Event: 59.505 GC heap after
{Heap after GC invocations=23 (full 2):
 PSYoungGen      total 20992K, used 512K [0x00000000eab00000, 0x00000000ec100000, 0x0000000100000000)
  eden space 20480K, 0% used [0x00000000eab00000,0x00000000eab00000,0x00000000ebf00000)
  from space 512K, 100% used [0x00000000ebf00000,0x00000000ebf80000,0x00000000ebf80000)
  to   space 1024K, 0% used [0x00000000ec000000,0x00000000ec000000,0x00000000ec100000)
 ParOldGen       total 68608K, used 28600K [0x00000000c0000000, 0x00000000c4300000, 0x00000000eab00000)
  object space 68608K, 41% used [0x00000000c0000000,0x00000000c1bee3c8,0x00000000c4300000)
 Metaspace       used 39294K, committed 40192K, reserved 1114112K
  class space    used 3883K, committed 4288K, reserved 1048576K
}
Event: 60.997 GC heap before
{Heap before GC invocations=24 (full 2):
 PSYoungGen      total 20992K, used 20992K [0x00000000eab00000, 0x00000000ec100000, 0x0000000100000000)
  eden space 20480K, 100% used [0x00000000eab00000,0x00000000ebf00000,0x00000000ebf00000)
  from space 512K, 100% used [0x00000000ebf00000,0x00000000ebf80000,0x00000000ebf80000)
  to   space 1024K, 0% used [0x00000000ec000000,0x00000000ec000000,0x00000000ec100000)
 ParOldGen       total 68608K, used 28600K [0x00000000c0000000, 0x00000000c4300000, 0x00000000eab00000)
  object space 68608K, 41% used [0x00000000c0000000,0x00000000c1bee3c8,0x00000000c4300000)
 Metaspace       used 41269K, committed 42240K, reserved 1114112K
  class space    used 4084K, committed 4480K, reserved 1048576K
}
Event: 61.002 GC heap after
{Heap after GC invocations=24 (full 2):
 PSYoungGen      total 19968K, used 1008K [0x00000000eab00000, 0x00000000ec400000, 0x0000000100000000)
  eden space 18944K, 0% used [0x00000000eab00000,0x00000000eab00000,0x00000000ebd80000)
  from space 1024K, 98% used [0x00000000ec000000,0x00000000ec0fc040,0x00000000ec100000)
  to   space 2560K, 0% used [0x00000000ebd80000,0x00000000ebd80000,0x00000000ec000000)
 ParOldGen       total 68608K, used 29601K [0x00000000c0000000, 0x00000000c4300000, 0x00000000eab00000)
  object space 68608K, 43% used [0x00000000c0000000,0x00000000c1ce84a8,0x00000000c4300000)
 Metaspace       used 41269K, committed 42240K, reserved 1114112K
  class space    used 4084K, committed 4480K, reserved 1048576K
}

